<?xml version="1.0" encoding="UTF-8"?>
<!-- Generated by org.testng.reporters.JUnitReportReporter -->
<testsuite hostname="LAPTOP-TBQBESHO" failures="0" tests="1" name="testCase.TC02_login" time="5.824" errors="0" timestamp="2025-10-03T08:38:11 IST" skipped="0">
  <testcase classname="testCase.TC02_login" name="verifyLogin" time="5.824"/>
</testsuite> <!-- testCase.TC02_login -->
