<?xml version="1.0" encoding="UTF-8"?>
<!-- Generated by org.testng.reporters.JUnitReportReporter -->
<testsuite hostname="LAPTOP-TBQBESHO" failures="0" tests="1" name="testCase.TC04_AccountOverview" time="7.531" errors="0" timestamp="2025-10-03T08:38:11 IST" skipped="0">
  <testcase classname="testCase.TC04_AccountOverview" name="test_AccountOverview" time="7.531"/>
</testsuite> <!-- testCase.TC04_AccountOverview -->
